<?xml version="1.0" encoding="UTF-8"?>
<!-- Generated by org.testng.reporters.JUnitXMLReporter -->
<testsuite hostname="DESKTOP-6KVQN8U" ignored="0" name="PintTech Test(failed)" tests="1" failures="1" timestamp="18 Nov 2019 03:36:50 GMT" time="8.299" errors="0">
  <testcase name="logainTest" time="1.361" classname="com.pint.TestCases.TC_LogainTest_001">
    <failure type="junit.framework.AssertionFailedError">
      <![CDATA[junit.framework.AssertionFailedError
at junit.framework.Assert.fail(Assert.java:47)
at junit.framework.Assert.assertTrue(Assert.java:20)
at junit.framework.Assert.assertTrue(Assert.java:27)
at com.pint.TestCases.TC_LogainTest_001.logainTest(TC_LogainTest_001.java:29)
... Removed 25 stack frames]]>
    </failure>
  </testcase> <!-- logainTest -->
</testsuite> <!-- PintTech Test(failed) -->
