<?xml version="1.0" encoding="UTF-8"?>
<!-- Generated by org.testng.reporters.JUnitXMLReporter -->
<testsuite hostname="DESKTOP-6KVQN8U" ignored="0" name="BankingApp Test" tests="1" failures="1" timestamp="16 Nov 2019 10:20:16 GMT" time="6.179" errors="0">
  <testcase name="logainTest" time="0.8" classname="com.pint.TestCases.TC_LogainTest_001">
    <failure type="junit.framework.AssertionFailedError">
      <![CDATA[junit.framework.AssertionFailedError
at junit.framework.Assert.fail(Assert.java:47)
at junit.framework.Assert.assertTrue(Assert.java:20)
at junit.framework.Assert.assertTrue(Assert.java:27)
at com.pint.TestCases.TC_LogainTest_001.logainTest(TC_LogainTest_001.java:28)
... Removed 25 stack frames]]>
    </failure>
  </testcase> <!-- logainTest -->
</testsuite> <!-- BankingApp Test -->
