<?xml version="1.0" encoding="UTF-8"?>
<!-- Generated by org.testng.reporters.JUnitXMLReporter -->
<testsuite hostname="DESKTOP-6KVQN8U" ignored="0" name="PintTech Test" tests="2" failures="1" timestamp="17 Nov 2019 07:55:20 GMT" time="28.038" errors="0">
  <testcase name="logainTest" time="1.512" classname="com.pint.TestCases.TC_LogainTest_001">
    <failure type="junit.framework.AssertionFailedError">
      <![CDATA[junit.framework.AssertionFailedError
at junit.framework.Assert.fail(Assert.java:47)
at junit.framework.Assert.assertTrue(Assert.java:20)
at junit.framework.Assert.assertTrue(Assert.java:27)
at com.pint.TestCases.TC_LogainTest_001.logainTest(TC_LogainTest_001.java:29)
... Removed 25 stack frames]]>
    </failure>
  </testcase> <!-- logainTest -->
  <testcase name="addNewCustomer" time="14.998" classname="com.pint.TestCases.TC_AddCustomerTest_003"/>
</testsuite> <!-- PintTech Test -->
